12:39:35.715 [main] INFO  nttdata.javat1.game.Game - [<init>] - Se ha generado un juego
12:39:35.717 [main] INFO  nttdata.javat1.game.Game - [launchAndStart] - Se ha iniciado el juego
12:39:35.717 [main] INFO  nttdata.javat1.game.components.Board - [loadBoard] - Generando el tablero...
12:39:35.718 [main] INFO  nttdata.javat1.game.components.Board - [loadBoard] - Tablero generado con éxito
12:39:36.933 [main] INFO  nttdata.javat1.game.Game - [addPlayers] - Añadiendo jugadores...
12:39:38.099 [main] INFO  n.javat1.game.components.Player - [<init>] - Se ha generado un jugador
12:39:39.877 [main] INFO  n.javat1.game.components.Player - [<init>] - Se ha generado un jugador
12:39:39.877 [main] INFO  nttdata.javat1.game.Game - [addPlayers] - Jugadores añadidos
12:39:39.878 [main] INFO  n.javat1.game.components.Player - [getPoints] - Se han obtenido los puntos del jugador Fernando
12:39:45.140 [main] INFO  nttdata.javat1.game.Game - [launchBall] - Se ha lanzado una bola
12:39:45.140 [main] INFO  n.javat1.game.components.Player - [getPoints] - Se han obtenido los puntos del jugador Fernando
12:39:45.140 [main] INFO  n.javat1.game.components.Player - [getPoints] - Se han obtenido los puntos del jugador Fernando
12:39:45.140 [main] INFO  n.javat1.game.components.Player - [setScore] - Se han actualizado los puntos al jugador: Fernando
12:39:45.141 [main] INFO  n.javat1.game.components.Player - [getPoints] - Se han obtenido los puntos del jugador Fernando
12:39:50.282 [main] INFO  nttdata.javat1.game.Game - [launchBall] - Se ha lanzado una bola
12:39:50.282 [main] INFO  n.javat1.game.components.Player - [getPoints] - Se han obtenido los puntos del jugador Fernando
12:39:50.282 [main] INFO  n.javat1.game.components.Player - [getPoints] - Se han obtenido los puntos del jugador Fernando
12:39:50.282 [main] INFO  n.javat1.game.components.Player - [setScore] - Se han actualizado los puntos al jugador: Fernando
12:39:50.282 [main] INFO  n.javat1.game.components.Player - [getPoints] - Se han obtenido los puntos del jugador Fernando
12:39:52.234 [main] INFO  nttdata.javat1.game.Game - [launchBall] - Se ha lanzado una bola
12:39:52.234 [main] INFO  n.javat1.game.components.Player - [getPoints] - Se han obtenido los puntos del jugador Fernando
12:39:52.234 [main] INFO  n.javat1.game.components.Player - [getPoints] - Se han obtenido los puntos del jugador Fernando
12:39:52.234 [main] INFO  n.javat1.game.components.Player - [getPoints] - Se han obtenido los puntos del jugador Pepe
12:40:00.901 [main] INFO  nttdata.javat1.game.Game - [launchBall] - Se ha lanzado una bola
12:40:00.901 [main] INFO  n.javat1.game.components.Player - [getPoints] - Se han obtenido los puntos del jugador Pepe
12:40:00.901 [main] INFO  n.javat1.game.components.Player - [getPoints] - Se han obtenido los puntos del jugador Pepe
12:40:00.901 [main] INFO  n.javat1.game.components.Player - [setScore] - Se han actualizado los puntos al jugador: Pepe
12:40:00.901 [main] INFO  n.javat1.game.components.Player - [getPoints] - Se han obtenido los puntos del jugador Pepe
12:40:01.762 [main] INFO  nttdata.javat1.game.Game - [launchBall] - Se ha lanzado una bola
12:40:01.762 [main] INFO  n.javat1.game.components.Player - [getPoints] - Se han obtenido los puntos del jugador Pepe
12:40:01.762 [main] INFO  n.javat1.game.components.Player - [getPoints] - Se han obtenido los puntos del jugador Pepe
12:40:01.762 [main] INFO  n.javat1.game.components.Player - [setScore] - Se han actualizado los puntos al jugador: Pepe
12:40:01.762 [main] INFO  n.javat1.game.components.Player - [getPoints] - Se han obtenido los puntos del jugador Pepe
12:40:02.839 [main] INFO  nttdata.javat1.game.Game - [launchBall] - Se ha lanzado una bola
12:40:02.840 [main] INFO  n.javat1.game.components.Player - [getPoints] - Se han obtenido los puntos del jugador Pepe
12:40:02.840 [main] INFO  n.javat1.game.components.Player - [getPoints] - Se han obtenido los puntos del jugador Pepe
12:40:02.840 [main] INFO  n.javat1.game.components.Player - [setScore] - Se han actualizado los puntos al jugador: Pepe
12:40:02.840 [main] INFO  n.javat1.game.components.Player - [getPoints] - Se han obtenido los puntos del jugador Pepe
12:40:02.840 [main] INFO  nttdata.javat1.game.Game - [showPoints] - Se muestran los puntos de los jugadores
12:40:02.840 [main] INFO  n.javat1.game.components.Player - [getPoints] - Se han obtenido los puntos del jugador Pepe
12:40:02.840 [main] INFO  n.javat1.game.components.Player - [getPoints] - Se han obtenido los puntos del jugador Fernando
12:40:02.840 [main] INFO  nttdata.javat1.game.Game - [launchAndStart] - Se ha termiando el juego
21:20:47.951 [main] INFO  nttdata.javat1.game.Game - [<init>] - Se ha generado un juego
21:20:47.954 [main] INFO  nttdata.javat1.game.Game - [launchAndStart] - Se ha iniciado el juego
21:20:47.955 [main] INFO  nttdata.javat1.game.components.Board - [loadBoard] - Generando el tablero...
21:20:47.956 [main] INFO  nttdata.javat1.game.components.Board - [loadBoard] - Tablero generado con éxito
21:20:51.048 [main] INFO  nttdata.javat1.game.Game - [addPlayers] - Añadiendo jugadores...
21:20:55.572 [main] INFO  n.javat1.game.components.Player - [<init>] - Se ha generado un jugador
21:20:58.327 [main] INFO  n.javat1.game.components.Player - [<init>] - Se ha generado un jugador
21:20:58.327 [main] INFO  nttdata.javat1.game.Game - [addPlayers] - Jugadores añadidos
21:20:58.327 [main] INFO  n.javat1.game.components.Player - [getPoints] - Se han obtenido los puntos del jugador Fernando
21:21:01.993 [main] INFO  nttdata.javat1.game.Game - [launchBall] - Se ha lanzado una bola
21:21:01.993 [main] INFO  n.javat1.game.components.Player - [getPoints] - Se han obtenido los puntos del jugador Fernando
21:21:01.993 [main] INFO  n.javat1.game.components.Player - [getPoints] - Se han obtenido los puntos del jugador Fernando
21:21:04.948 [main] INFO  nttdata.javat1.game.Game - [launchBall] - Se ha lanzado una bola
21:21:04.948 [main] INFO  n.javat1.game.components.Player - [getPoints] - Se han obtenido los puntos del jugador Fernando
21:21:04.948 [main] INFO  n.javat1.game.components.Player - [getPoints] - Se han obtenido los puntos del jugador Fernando
21:21:04.948 [main] INFO  n.javat1.game.components.Player - [setScore] - Se han actualizado los puntos al jugador: Fernando
21:21:04.948 [main] INFO  n.javat1.game.components.Player - [getPoints] - Se han obtenido los puntos del jugador Fernando
21:21:08.325 [main] INFO  nttdata.javat1.game.Game - [launchBall] - Se ha lanzado una bola
21:21:08.325 [main] INFO  n.javat1.game.components.Player - [getPoints] - Se han obtenido los puntos del jugador Fernando
21:21:08.325 [main] INFO  n.javat1.game.components.Player - [getPoints] - Se han obtenido los puntos del jugador Fernando
21:21:08.325 [main] INFO  n.javat1.game.components.Player - [setScore] - Se han actualizado los puntos al jugador: Fernando
21:21:08.325 [main] INFO  n.javat1.game.components.Player - [getPoints] - Se han obtenido los puntos del jugador Fernando
21:21:08.326 [main] INFO  n.javat1.game.components.Player - [getPoints] - Se han obtenido los puntos del jugador Ruben
21:21:19.538 [main] INFO  nttdata.javat1.game.Game - [launchBall] - Se ha lanzado una bola
21:21:19.538 [main] INFO  n.javat1.game.components.Player - [getPoints] - Se han obtenido los puntos del jugador Ruben
21:21:19.538 [main] INFO  n.javat1.game.components.Player - [getPoints] - Se han obtenido los puntos del jugador Ruben
21:21:19.538 [main] INFO  n.javat1.game.components.Player - [setScore] - Se han actualizado los puntos al jugador: Ruben
21:21:19.538 [main] INFO  n.javat1.game.components.Player - [getPoints] - Se han obtenido los puntos del jugador Ruben
21:21:21.118 [main] INFO  nttdata.javat1.game.Game - [launchBall] - Se ha lanzado una bola
21:21:21.118 [main] INFO  n.javat1.game.components.Player - [getPoints] - Se han obtenido los puntos del jugador Ruben
21:21:21.118 [main] INFO  n.javat1.game.components.Player - [getPoints] - Se han obtenido los puntos del jugador Ruben
21:21:21.118 [main] INFO  n.javat1.game.components.Player - [setScore] - Se han actualizado los puntos al jugador: Ruben
21:21:21.118 [main] INFO  n.javat1.game.components.Player - [getPoints] - Se han obtenido los puntos del jugador Ruben
21:21:21.986 [main] INFO  nttdata.javat1.game.Game - [launchBall] - Se ha lanzado una bola
21:21:21.986 [main] INFO  n.javat1.game.components.Player - [getPoints] - Se han obtenido los puntos del jugador Ruben
21:21:21.986 [main] INFO  n.javat1.game.components.Player - [getPoints] - Se han obtenido los puntos del jugador Ruben
21:21:21.987 [main] INFO  nttdata.javat1.game.Game - [showPoints] - Se muestran los puntos de los jugadores
21:21:21.987 [main] INFO  n.javat1.game.components.Player - [getPoints] - Se han obtenido los puntos del jugador Fernando
21:21:21.987 [main] INFO  n.javat1.game.components.Player - [getPoints] - Se han obtenido los puntos del jugador Ruben
21:21:21.987 [main] INFO  nttdata.javat1.game.Game - [launchAndStart] - Se ha termiando el juego
